<?xml version="1.0" encoding="UTF-8"?>
<!-- Generated by org.testng.reporters.JUnitReportReporter -->
<testsuite hostname="BLR-Manas" name="mob.AppiumFramework.DemoBasicsTest" tests="1" failures="0" timestamp="27 Feb 2020 12:59:38 GMT" time="25.079" errors="0">
  <testcase name="basicTest" time="25.079" classname="mob.AppiumFramework.DemoBasicsTest"/>
</testsuite> <!-- mob.AppiumFramework.DemoBasicsTest -->
